1725381409.962212 client started (20531): version 3.4, socket /run/user/1000/tmux-1000/default, protocol 8
1725381409.962259 on Linux 6.6.48 #1-NixOS SMP PREEMPT_DYNAMIC Thu Aug 29 15:33:59 UTC 2024
1725381409.962266 using libevent 2.1.12-stable poll
1725381409.962277 using utf8proc 2.9.0
1725381409.962281 using ncurses 6.4 20221231
1725381409.962305 flags are 0x18010000
1725381409.962324 socket is /run/user/1000/tmux-1000/default
1725381409.962344 trying connect
1725381409.962471 add peer 0x3f634660: 6 ((nil))
1725381409.963435 sending message 100 to peer 0x3f634660 (4 bytes)
1725381409.963465 sending message 111 to peer 0x3f634660 (8 bytes)
1725381409.963471 sending message 101 to peer 0x3f634660 (15 bytes)
1725381409.963477 sending message 109 to peer 0x3f634660 (4 bytes)
1725381409.963482 sending message 102 to peer 0x3f634660 (11 bytes)
1725381409.963487 sending message 108 to peer 0x3f634660 (11 bytes)
1725381409.963492 sending message 112 to peer 0x3f634660 (58 bytes)
1725381409.963498 sending message 112 to peer 0x3f634660 (5 bytes)
1725381409.963503 sending message 112 to peer 0x3f634660 (5 bytes)
1725381409.963508 sending message 112 to peer 0x3f634660 (6 bytes)
1725381409.963513 sending message 112 to peer 0x3f634660 (6 bytes)
1725381409.963518 sending message 112 to peer 0x3f634660 (11 bytes)
1725381409.963523 sending message 112 to peer 0x3f634660 (10 bytes)
1725381409.963528 sending message 112 to peer 0x3f634660 (13 bytes)
1725381409.963533 sending message 112 to peer 0x3f634660 (14 bytes)
1725381409.963538 sending message 112 to peer 0x3f634660 (19 bytes)
1725381409.963543 sending message 112 to peer 0x3f634660 (11 bytes)
1725381409.963549 sending message 112 to peer 0x3f634660 (10 bytes)
1725381409.963554 sending message 112 to peer 0x3f634660 (15 bytes)
1725381409.963559 sending message 112 to peer 0x3f634660 (21 bytes)
1725381409.963564 sending message 112 to peer 0x3f634660 (13 bytes)
1725381409.963569 sending message 112 to peer 0x3f634660 (7 bytes)
1725381409.963574 sending message 112 to peer 0x3f634660 (13 bytes)
1725381409.963579 sending message 112 to peer 0x3f634660 (7 bytes)
1725381409.963584 sending message 112 to peer 0x3f634660 (13 bytes)
1725381409.963589 sending message 112 to peer 0x3f634660 (9 bytes)
1725381409.963594 sending message 112 to peer 0x3f634660 (21 bytes)
1725381409.963599 sending message 112 to peer 0x3f634660 (13 bytes)
1725381409.963604 sending message 112 to peer 0x3f634660 (9 bytes)
1725381409.963609 sending message 112 to peer 0x3f634660 (16 bytes)
1725381409.963614 sending message 112 to peer 0x3f634660 (13 bytes)
1725381409.963619 sending message 112 to peer 0x3f634660 (9 bytes)
1725381409.963624 sending message 112 to peer 0x3f634660 (9 bytes)
1725381409.963629 sending message 112 to peer 0x3f634660 (12 bytes)
1725381409.963634 sending message 112 to peer 0x3f634660 (8 bytes)
1725381409.963639 sending message 112 to peer 0x3f634660 (8 bytes)
1725381409.963644 sending message 112 to peer 0x3f634660 (13 bytes)
1725381409.963650 sending message 112 to peer 0x3f634660 (7 bytes)
1725381409.963655 sending message 112 to peer 0x3f634660 (7 bytes)
1725381409.963660 sending message 112 to peer 0x3f634660 (9 bytes)
1725381409.963665 sending message 112 to peer 0x3f634660 (9 bytes)
1725381409.963670 sending message 112 to peer 0x3f634660 (15 bytes)
1725381409.963675 sending message 112 to peer 0x3f634660 (13 bytes)
1725381409.963680 sending message 112 to peer 0x3f634660 (12 bytes)
1725381409.963685 sending message 112 to peer 0x3f634660 (8 bytes)
1725381409.963690 sending message 112 to peer 0x3f634660 (14 bytes)
1725381409.963695 sending message 112 to peer 0x3f634660 (11 bytes)
1725381409.963700 sending message 112 to peer 0x3f634660 (9 bytes)
1725381409.963705 sending message 112 to peer 0x3f634660 (10 bytes)
1725381409.963711 sending message 112 to peer 0x3f634660 (10 bytes)
1725381409.963716 sending message 112 to peer 0x3f634660 (10 bytes)
1725381409.963721 sending message 112 to peer 0x3f634660 (10 bytes)
1725381409.963726 sending message 112 to peer 0x3f634660 (11 bytes)
1725381409.963748 sending message 112 to peer 0x3f634660 (12 bytes)
1725381409.963753 sending message 112 to peer 0x3f634660 (12 bytes)
1725381409.963759 sending message 112 to peer 0x3f634660 (12 bytes)
1725381409.963764 sending message 112 to peer 0x3f634660 (12 bytes)
1725381409.963769 sending message 112 to peer 0x3f634660 (12 bytes)
1725381409.963774 sending message 112 to peer 0x3f634660 (11 bytes)
1725381409.963779 sending message 112 to peer 0x3f634660 (11 bytes)
1725381409.963784 sending message 112 to peer 0x3f634660 (12 bytes)
1725381409.963790 sending message 112 to peer 0x3f634660 (12 bytes)
1725381409.963795 sending message 112 to peer 0x3f634660 (12 bytes)
1725381409.963800 sending message 112 to peer 0x3f634660 (12 bytes)
1725381409.963805 sending message 112 to peer 0x3f634660 (12 bytes)
1725381409.963810 sending message 112 to peer 0x3f634660 (9 bytes)
1725381409.963815 sending message 112 to peer 0x3f634660 (12 bytes)
1725381409.963821 sending message 112 to peer 0x3f634660 (13 bytes)
1725381409.963826 sending message 112 to peer 0x3f634660 (13 bytes)
1725381409.963831 sending message 112 to peer 0x3f634660 (13 bytes)
1725381409.963836 sending message 112 to peer 0x3f634660 (13 bytes)
1725381409.963841 sending message 112 to peer 0x3f634660 (13 bytes)
1725381409.963847 sending message 112 to peer 0x3f634660 (8 bytes)
1725381409.963852 sending message 112 to peer 0x3f634660 (11 bytes)
1725381409.963857 sending message 112 to peer 0x3f634660 (11 bytes)
1725381409.963863 sending message 112 to peer 0x3f634660 (11 bytes)
1725381409.963868 sending message 112 to peer 0x3f634660 (12 bytes)
1725381409.963873 sending message 112 to peer 0x3f634660 (12 bytes)
1725381409.963878 sending message 112 to peer 0x3f634660 (12 bytes)
1725381409.963883 sending message 112 to peer 0x3f634660 (12 bytes)
1725381409.963889 sending message 112 to peer 0x3f634660 (13 bytes)
1725381409.963919 sending message 112 to peer 0x3f634660 (13 bytes)
1725381409.963931 sending message 112 to peer 0x3f634660 (13 bytes)
1725381409.963936 sending message 112 to peer 0x3f634660 (8 bytes)
1725381409.963941 sending message 112 to peer 0x3f634660 (13 bytes)
1725381409.963947 sending message 112 to peer 0x3f634660 (13 bytes)
1725381409.963952 sending message 112 to peer 0x3f634660 (13 bytes)
1725381409.963957 sending message 112 to peer 0x3f634660 (13 bytes)
1725381409.963962 sending message 112 to peer 0x3f634660 (13 bytes)
1725381409.963968 sending message 112 to peer 0x3f634660 (12 bytes)
1725381409.963973 sending message 112 to peer 0x3f634660 (12 bytes)
1725381409.963978 sending message 112 to peer 0x3f634660 (12 bytes)
1725381409.963983 sending message 112 to peer 0x3f634660 (12 bytes)
1725381409.963988 sending message 112 to peer 0x3f634660 (13 bytes)
1725381409.963994 sending message 112 to peer 0x3f634660 (8 bytes)
1725381409.963999 sending message 112 to peer 0x3f634660 (13 bytes)
1725381409.964004 sending message 112 to peer 0x3f634660 (13 bytes)
1725381409.964009 sending message 112 to peer 0x3f634660 (13 bytes)
1725381409.964015 sending message 112 to peer 0x3f634660 (13 bytes)
1725381409.964020 sending message 112 to peer 0x3f634660 (13 bytes)
1725381409.964025 sending message 112 to peer 0x3f634660 (13 bytes)
1725381409.964030 sending message 112 to peer 0x3f634660 (13 bytes)
1725381409.964036 sending message 112 to peer 0x3f634660 (12 bytes)
1725381409.964041 sending message 112 to peer 0x3f634660 (12 bytes)
1725381409.964046 sending message 112 to peer 0x3f634660 (12 bytes)
1725381409.964051 sending message 112 to peer 0x3f634660 (8 bytes)
1725381409.964056 sending message 112 to peer 0x3f634660 (12 bytes)
1725381409.964062 sending message 112 to peer 0x3f634660 (13 bytes)
1725381409.964067 sending message 112 to peer 0x3f634660 (13 bytes)
1725381409.964072 sending message 112 to peer 0x3f634660 (13 bytes)
1725381409.964077 sending message 112 to peer 0x3f634660 (13 bytes)
1725381409.964082 sending message 112 to peer 0x3f634660 (13 bytes)
1725381409.964088 sending message 112 to peer 0x3f634660 (13 bytes)
1725381409.964093 sending message 112 to peer 0x3f634660 (13 bytes)
1725381409.964105 sending message 112 to peer 0x3f634660 (13 bytes)
1725381409.964111 sending message 112 to peer 0x3f634660 (12 bytes)
1725381409.964116 sending message 112 to peer 0x3f634660 (10 bytes)
1725381409.964121 sending message 112 to peer 0x3f634660 (12 bytes)
1725381409.964127 sending message 112 to peer 0x3f634660 (12 bytes)
1725381409.964132 sending message 112 to peer 0x3f634660 (12 bytes)
1725381409.964137 sending message 112 to peer 0x3f634660 (13 bytes)
1725381409.964142 sending message 112 to peer 0x3f634660 (13 bytes)
1725381409.964147 sending message 112 to peer 0x3f634660 (13 bytes)
1725381409.964153 sending message 112 to peer 0x3f634660 (13 bytes)
1725381409.964158 sending message 112 to peer 0x3f634660 (13 bytes)
1725381409.964163 sending message 112 to peer 0x3f634660 (13 bytes)
1725381409.964168 sending message 112 to peer 0x3f634660 (13 bytes)
1725381409.964174 sending message 112 to peer 0x3f634660 (10 bytes)
1725381409.964179 sending message 112 to peer 0x3f634660 (13 bytes)
1725381409.964184 sending message 112 to peer 0x3f634660 (12 bytes)
1725381409.964189 sending message 112 to peer 0x3f634660 (12 bytes)
1725381409.964194 sending message 112 to peer 0x3f634660 (12 bytes)
1725381409.964200 sending message 112 to peer 0x3f634660 (10 bytes)
1725381409.964205 sending message 112 to peer 0x3f634660 (10 bytes)
1725381409.964210 sending message 112 to peer 0x3f634660 (10 bytes)
1725381409.964215 sending message 112 to peer 0x3f634660 (12 bytes)
1725381409.964221 sending message 112 to peer 0x3f634660 (13 bytes)
1725381409.964226 sending message 112 to peer 0x3f634660 (13 bytes)
1725381409.964231 sending message 112 to peer 0x3f634660 (13 bytes)
1725381409.964236 sending message 112 to peer 0x3f634660 (13 bytes)
1725381409.964241 sending message 112 to peer 0x3f634660 (13 bytes)
1725381409.964247 sending message 112 to peer 0x3f634660 (10 bytes)
1725381409.964252 sending message 112 to peer 0x3f634660 (11 bytes)
1725381409.964257 sending message 112 to peer 0x3f634660 (12 bytes)
1725381409.964262 sending message 112 to peer 0x3f634660 (12 bytes)
1725381409.964267 sending message 112 to peer 0x3f634660 (12 bytes)
1725381409.964273 sending message 112 to peer 0x3f634660 (12 bytes)
1725381409.964278 sending message 112 to peer 0x3f634660 (12 bytes)
1725381409.964283 sending message 112 to peer 0x3f634660 (11 bytes)
1725381409.964288 sending message 112 to peer 0x3f634660 (12 bytes)
1725381409.964294 sending message 112 to peer 0x3f634660 (12 bytes)
1725381409.964299 sending message 112 to peer 0x3f634660 (13 bytes)
1725381409.964304 sending message 112 to peer 0x3f634660 (13 bytes)
1725381409.964309 sending message 112 to peer 0x3f634660 (13 bytes)
1725381409.964314 sending message 112 to peer 0x3f634660 (13 bytes)
1725381409.964320 sending message 112 to peer 0x3f634660 (13 bytes)
1725381409.964325 sending message 112 to peer 0x3f634660 (10 bytes)
1725381409.964330 sending message 112 to peer 0x3f634660 (9 bytes)
1725381409.964335 sending message 112 to peer 0x3f634660 (12 bytes)
1725381409.964341 sending message 112 to peer 0x3f634660 (13 bytes)
1725381409.964346 sending message 112 to peer 0x3f634660 (13 bytes)
1725381409.964351 sending message 112 to peer 0x3f634660 (13 bytes)
1725381409.964356 sending message 112 to peer 0x3f634660 (13 bytes)
1725381409.964361 sending message 112 to peer 0x3f634660 (13 bytes)
1725381409.964367 sending message 112 to peer 0x3f634660 (9 bytes)
1725381409.964372 sending message 112 to peer 0x3f634660 (12 bytes)
1725381409.964377 sending message 112 to peer 0x3f634660 (13 bytes)
1725381409.964382 sending message 112 to peer 0x3f634660 (13 bytes)
1725381409.964387 sending message 112 to peer 0x3f634660 (13 bytes)
1725381409.964393 sending message 112 to peer 0x3f634660 (13 bytes)
1725381409.964398 sending message 112 to peer 0x3f634660 (13 bytes)
1725381409.964403 sending message 112 to peer 0x3f634660 (11 bytes)
1725381409.964408 sending message 112 to peer 0x3f634660 (12 bytes)
1725381409.964413 sending message 112 to peer 0x3f634660 (13 bytes)
1725381409.964424 sending message 112 to peer 0x3f634660 (13 bytes)
1725381409.964429 sending message 112 to peer 0x3f634660 (13 bytes)
1725381409.964435 sending message 112 to peer 0x3f634660 (13 bytes)
1725381409.964440 sending message 112 to peer 0x3f634660 (13 bytes)
1725381409.964445 sending message 112 to peer 0x3f634660 (11 bytes)
1725381409.964450 sending message 112 to peer 0x3f634660 (12 bytes)
1725381409.964456 sending message 112 to peer 0x3f634660 (12 bytes)
1725381409.964461 sending message 112 to peer 0x3f634660 (12 bytes)
1725381409.964466 sending message 112 to peer 0x3f634660 (12 bytes)
1725381409.964472 sending message 112 to peer 0x3f634660 (12 bytes)
1725381409.964477 sending message 112 to peer 0x3f634660 (21 bytes)
1725381409.964482 sending message 112 to peer 0x3f634660 (12 bytes)
1725381409.964488 sending message 112 to peer 0x3f634660 (9 bytes)
1725381409.964493 sending message 112 to peer 0x3f634660 (6 bytes)
1725381409.964499 sending message 112 to peer 0x3f634660 (13 bytes)
1725381409.964504 sending message 112 to peer 0x3f634660 (10 bytes)
1725381409.964510 sending message 112 to peer 0x3f634660 (24 bytes)
1725381409.964515 sending message 112 to peer 0x3f634660 (13 bytes)
1725381409.964520 sending message 112 to peer 0x3f634660 (9 bytes)
1725381409.964526 sending message 112 to peer 0x3f634660 (70 bytes)
1725381409.964531 sending message 112 to peer 0x3f634660 (69 bytes)
1725381409.964537 sending message 112 to peer 0x3f634660 (12 bytes)
1725381409.964542 sending message 112 to peer 0x3f634660 (10 bytes)
1725381409.964547 sending message 112 to peer 0x3f634660 (10 bytes)
1725381409.964552 sending message 112 to peer 0x3f634660 (24 bytes)
1725381409.964558 sending message 112 to peer 0x3f634660 (13 bytes)
1725381409.964563 sending message 112 to peer 0x3f634660 (10 bytes)
1725381409.964568 sending message 112 to peer 0x3f634660 (10 bytes)
1725381409.964573 sending message 112 to peer 0x3f634660 (10 bytes)
1725381409.964579 sending message 112 to peer 0x3f634660 (13 bytes)
1725381409.964584 sending message 112 to peer 0x3f634660 (15 bytes)
1725381409.964589 sending message 112 to peer 0x3f634660 (5 bytes)
1725381409.964596 sending message 104 to peer 0x3f634660 (0 bytes)
1725381409.964602 sending message 110 to peer 0x3f634660 (0 bytes)
1725381409.964608 sending message 107 to peer 0x3f634660 (4 bytes)
1725381409.964613 sending message 105 to peer 0x3f634660 (16 bytes)
1725381409.964619 sending message 105 to peer 0x3f634660 (19 bytes)
1725381409.964625 sending message 105 to peer 0x3f634660 (22 bytes)
1725381409.964630 sending message 105 to peer 0x3f634660 (351 bytes)
1725381409.964636 sending message 105 to peer 0x3f634660 (37 bytes)
1725381409.964641 sending message 105 to peer 0x3f634660 (20 bytes)
1725381409.964647 sending message 105 to peer 0x3f634660 (64 bytes)
1725381409.964652 sending message 105 to peer 0x3f634660 (79 bytes)
1725381409.964658 sending message 105 to peer 0x3f634660 (92 bytes)
1725381409.964664 sending message 105 to peer 0x3f634660 (250 bytes)
1725381409.964669 sending message 105 to peer 0x3f634660 (14 bytes)
1725381409.964675 sending message 105 to peer 0x3f634660 (741 bytes)
1725381409.964681 sending message 105 to peer 0x3f634660 (449 bytes)
1725381409.964687 sending message 105 to peer 0x3f634660 (17 bytes)
1725381409.964692 sending message 105 to peer 0x3f634660 (23 bytes)
1725381409.964698 sending message 105 to peer 0x3f634660 (30 bytes)
1725381409.964703 sending message 105 to peer 0x3f634660 (27 bytes)
1725381409.964708 sending message 105 to peer 0x3f634660 (24 bytes)
1725381409.964714 sending message 105 to peer 0x3f634660 (20 bytes)
1725381409.964719 sending message 105 to peer 0x3f634660 (23 bytes)
1725381409.964725 sending message 105 to peer 0x3f634660 (21 bytes)
1725381409.964730 sending message 105 to peer 0x3f634660 (25 bytes)
1725381409.964735 sending message 105 to peer 0x3f634660 (20 bytes)
1725381409.964741 sending message 105 to peer 0x3f634660 (233 bytes)
1725381409.964746 sending message 105 to peer 0x3f634660 (115 bytes)
1725381409.964757 sending message 105 to peer 0x3f634660 (15 bytes)
1725381409.964763 sending message 105 to peer 0x3f634660 (319 bytes)
1725381409.964768 sending message 105 to peer 0x3f634660 (276 bytes)
1725381409.964774 sending message 105 to peer 0x3f634660 (20 bytes)
1725381409.964780 sending message 105 to peer 0x3f634660 (573 bytes)
1725381409.964786 sending message 105 to peer 0x3f634660 (245 bytes)
1725381409.964791 sending message 105 to peer 0x3f634660 (281 bytes)
1725381409.964797 sending message 105 to peer 0x3f634660 (17 bytes)
1725381409.964802 sending message 105 to peer 0x3f634660 (31 bytes)
1725381409.964808 sending message 105 to peer 0x3f634660 (54 bytes)
1725381409.964813 sending message 105 to peer 0x3f634660 (21 bytes)
1725381409.964818 sending message 105 to peer 0x3f634660 (23 bytes)
1725381409.964824 sending message 105 to peer 0x3f634660 (33 bytes)
1725381409.964829 sending message 105 to peer 0x3f634660 (50 bytes)
1725381409.964834 sending message 105 to peer 0x3f634660 (19 bytes)
1725381409.964840 sending message 105 to peer 0x3f634660 (8 bytes)
1725381409.964845 sending message 105 to peer 0x3f634660 (15 bytes)
1725381409.964850 sending message 105 to peer 0x3f634660 (23 bytes)
1725381409.964855 sending message 105 to peer 0x3f634660 (31 bytes)
1725381409.964861 sending message 105 to peer 0x3f634660 (12 bytes)
1725381409.964866 sending message 105 to peer 0x3f634660 (72 bytes)
1725381409.964872 sending message 105 to peer 0x3f634660 (87 bytes)
1725381409.964877 sending message 105 to peer 0x3f634660 (43 bytes)
1725381409.964883 sending message 105 to peer 0x3f634660 (11 bytes)
1725381409.964889 sending message 105 to peer 0x3f634660 (104 bytes)
1725381409.964904 sending message 105 to peer 0x3f634660 (63 bytes)
1725381409.964915 sending message 105 to peer 0x3f634660 (185 bytes)
1725381409.964921 sending message 105 to peer 0x3f634660 (25 bytes)
1725381409.964926 sending message 105 to peer 0x3f634660 (112 bytes)
1725381409.964931 sending message 105 to peer 0x3f634660 (27 bytes)
1725381409.964937 sending message 105 to peer 0x3f634660 (29 bytes)
1725381409.964943 sending message 105 to peer 0x3f634660 (1905 bytes)
1725381409.964981 sending message 105 to peer 0x3f634660 (35 bytes)
1725381409.964987 sending message 105 to peer 0x3f634660 (79 bytes)
1725381409.964993 sending message 105 to peer 0x3f634660 (10 bytes)
1725381409.964999 sending message 105 to peer 0x3f634660 (2087 bytes)
1725381409.965005 sending message 105 to peer 0x3f634660 (17 bytes)
1725381409.965011 sending message 105 to peer 0x3f634660 (21 bytes)
1725381409.965016 sending message 105 to peer 0x3f634660 (46 bytes)
1725381409.965021 sending message 105 to peer 0x3f634660 (52 bytes)
1725381409.965027 sending message 105 to peer 0x3f634660 (21 bytes)
1725381409.965032 sending message 105 to peer 0x3f634660 (51 bytes)
1725381409.965037 sending message 105 to peer 0x3f634660 (38 bytes)
1725381409.965042 sending message 105 to peer 0x3f634660 (46 bytes)
1725381409.965048 sending message 105 to peer 0x3f634660 (42 bytes)
1725381409.965053 sending message 105 to peer 0x3f634660 (21 bytes)
1725381409.965058 sending message 105 to peer 0x3f634660 (42 bytes)
1725381409.965064 sending message 105 to peer 0x3f634660 (38 bytes)
1725381409.965069 sending message 105 to peer 0x3f634660 (35 bytes)
1725381409.965074 sending message 105 to peer 0x3f634660 (96 bytes)
1725381409.965080 sending message 105 to peer 0x3f634660 (25 bytes)
1725381409.965085 sending message 105 to peer 0x3f634660 (32 bytes)
1725381409.965090 sending message 105 to peer 0x3f634660 (21 bytes)
1725381409.965096 sending message 105 to peer 0x3f634660 (40 bytes)
1725381409.965101 sending message 105 to peer 0x3f634660 (41 bytes)
1725381409.965106 sending message 106 to peer 0x3f634660 (0 bytes)
1725381409.965553 sending message 200 to peer 0x3f634660 (4 bytes)
1725381409.965563 client loop enter
1725381409.993539 peer 0x3f634660 message 207
1725381409.993566 sending message 208 to peer 0x3f634660 (0 bytes)
1725381419.069578 peer 0x3f634660 message 203
1725381419.069609 sending message 205 to peer 0x3f634660 (0 bytes)
1725381419.071656 peer 0x3f634660 message 204
1725381419.071687 client loop exit
